<?xml version="1.0" encoding="UTF-8"?>
<coverage generated="1769245884302" clover="3.2.0">
  <project timestamp="1769245884302" name="All files">
    <metrics statements="84" coveredstatements="63" conditionals="52" coveredconditionals="19" methods="33" coveredmethods="20" elements="169" coveredelements="102" complexity="0" loc="84" ncloc="84" packages="2" files="14" classes="14"/>
    <package name="components">
      <metrics statements="66" coveredstatements="50" conditionals="52" coveredconditionals="19" methods="26" coveredmethods="18"/>
      <file name="Body.js" path="C:\projects\React-Project\src\components\Body.js">
        <metrics statements="21" coveredstatements="20" conditionals="6" coveredconditionals="5" methods="6" coveredmethods="6"/>
        <line num="9" count="1" type="stmt"/>
        <line num="10" count="4" type="stmt"/>
        <line num="11" count="4" type="stmt"/>
        <line num="12" count="4" type="stmt"/>
        <line num="14" count="4" type="stmt"/>
        <line num="16" count="4" type="stmt"/>
        <line num="17" count="4" type="stmt"/>
        <line num="20" count="4" type="stmt"/>
        <line num="21" count="1" type="stmt"/>
        <line num="22" count="1" type="stmt"/>
        <line num="26" count="4" type="cond" truecount="1" falsecount="1"/>
        <line num="27" count="0" type="stmt"/>
        <line num="31" count="4" type="cond" truecount="2" falsecount="0"/>
        <line num="32" count="1" type="stmt"/>
        <line num="35" count="3" type="stmt"/>
        <line num="43" count="1" type="stmt"/>
        <line num="50" count="1" type="stmt"/>
        <line num="51" count="24" type="stmt"/>
        <line num="53" count="1" type="stmt"/>
        <line num="63" count="49" type="cond" truecount="2" falsecount="0"/>
        <line num="67" count="49" type="stmt"/>
      </file>
      <file name="Cart.js" path="C:\projects\React-Project\src\components\Cart.js">
        <metrics statements="5" coveredstatements="4" conditionals="4" coveredconditionals="2" methods="3" coveredmethods="2"/>
        <line num="5" count="1" type="stmt"/>
        <line num="6" count="2" type="stmt"/>
        <line num="7" count="1" type="stmt"/>
        <line num="9" count="1" type="stmt"/>
        <line num="19" count="0" type="stmt"/>
      </file>
      <file name="Contact.js" path="C:\projects\React-Project\src\components\Contact.js">
        <metrics statements="10" coveredstatements="5" conditionals="0" coveredconditionals="0" methods="4" coveredmethods="1"/>
        <line num="3" count="1" type="stmt"/>
        <line num="4" count="4" type="stmt"/>
        <line num="5" count="4" type="stmt"/>
        <line num="7" count="4" type="stmt"/>
        <line num="8" count="0" type="stmt"/>
        <line num="9" count="0" type="stmt"/>
        <line num="10" count="0" type="stmt"/>
        <line num="13" count="4" type="stmt"/>
        <line num="26" count="0" type="stmt"/>
        <line num="33" count="0" type="stmt"/>
      </file>
      <file name="Header.js" path="C:\projects\React-Project\src\components\Header.js">
        <metrics statements="7" coveredstatements="7" conditionals="6" coveredconditionals="3" methods="3" coveredmethods="3"/>
        <line num="8" count="1" type="stmt"/>
        <line num="9" count="4" type="stmt"/>
        <line num="10" count="4" type="stmt"/>
        <line num="11" count="4" type="stmt"/>
        <line num="12" count="7" type="stmt"/>
        <line num="14" count="4" type="stmt"/>
        <line num="55" count="1" type="cond" truecount="1" falsecount="1"/>
      </file>
      <file name="ItemList.js" path="C:\projects\React-Project\src\components\ItemList.js">
        <metrics statements="10" coveredstatements="1" conditionals="21" coveredconditionals="0" methods="4" coveredmethods="0"/>
        <line num="5" count="1" type="cond" truecount="0" falsecount="1"/>
        <line num="6" count="0" type="stmt"/>
        <line num="8" count="0" type="stmt"/>
        <line num="9" count="0" type="cond" truecount="0" falsecount="2"/>
        <line num="11" count="0" type="stmt"/>
        <line num="28" count="0" type="stmt"/>
        <line num="31" count="0" type="cond" truecount="0" falsecount="2"/>
        <line num="33" count="0" type="cond" truecount="0" falsecount="4"/>
        <line num="35" count="0" type="stmt"/>
        <line num="75" count="0" type="stmt"/>
      </file>
      <file name="RestaurantCard.js" path="C:\projects\React-Project\src\components\RestaurantCard.js">
        <metrics statements="8" coveredstatements="8" conditionals="15" coveredconditionals="9" methods="3" coveredmethods="3"/>
        <line num="4" count="2" type="stmt"/>
        <line num="5" count="50" type="stmt"/>
        <line num="16" count="50" type="stmt"/>
        <line num="18" count="50" type="cond" truecount="1" falsecount="2"/>
        <line num="20" count="50" type="stmt"/>
        <line num="82" count="2" type="stmt"/>
        <line num="83" count="4" type="stmt"/>
        <line num="84" count="4" type="stmt"/>
      </file>
      <file name="Shimmer.js" path="C:\projects\React-Project\src\components\Shimmer.js">
        <metrics statements="3" coveredstatements="3" conditionals="0" coveredconditionals="0" methods="2" coveredmethods="2"/>
        <line num="1" count="1" type="stmt"/>
        <line num="2" count="1" type="stmt"/>
        <line num="8" count="24" type="stmt"/>
      </file>
      <file name="sum.js" path="C:\projects\React-Project\src\components\sum.js">
        <metrics statements="2" coveredstatements="2" conditionals="0" coveredconditionals="0" methods="1" coveredmethods="1"/>
        <line num="1" count="1" type="stmt"/>
        <line num="2" count="1" type="stmt"/>
      </file>
    </package>
    <package name="utils">
      <metrics statements="18" coveredstatements="13" conditionals="0" coveredconditionals="0" methods="7" coveredmethods="2"/>
      <file name="Api.js" path="C:\projects\React-Project\src\utils\Api.js">
        <metrics statements="1" coveredstatements="1" conditionals="0" coveredconditionals="0" methods="0" coveredmethods="0"/>
        <line num="2" count="1" type="stmt"/>
      </file>
      <file name="UserContext.js" path="C:\projects\React-Project\src\utils\UserContext.js">
        <metrics statements="1" coveredstatements="1" conditionals="0" coveredconditionals="0" methods="0" coveredmethods="0"/>
        <line num="3" count="3" type="stmt"/>
      </file>
      <file name="appStore.js" path="C:\projects\React-Project\src\utils\appStore.js">
        <metrics statements="1" coveredstatements="1" conditionals="0" coveredconditionals="0" methods="0" coveredmethods="0"/>
        <line num="4" count="2" type="stmt"/>
      </file>
      <file name="cartSlice.js" path="C:\projects\React-Project\src\utils\cartSlice.js">
        <metrics statements="5" coveredstatements="2" conditionals="0" coveredconditionals="0" methods="3" coveredmethods="0"/>
        <line num="3" count="2" type="stmt"/>
        <line num="11" count="0" type="stmt"/>
        <line num="14" count="0" type="stmt"/>
        <line num="21" count="0" type="stmt"/>
        <line num="26" count="2" type="stmt"/>
      </file>
      <file name="constants.js" path="C:\projects\React-Project\src\utils\constants.js">
        <metrics statements="2" coveredstatements="2" conditionals="0" coveredconditionals="0" methods="0" coveredmethods="0"/>
        <line num="2" count="2" type="stmt"/>
        <line num="5" count="2" type="stmt"/>
      </file>
      <file name="useOnlineStatus.js" path="C:\projects\React-Project\src\utils\useOnlineStatus.js">
        <metrics statements="8" coveredstatements="6" conditionals="0" coveredconditionals="0" methods="4" coveredmethods="2"/>
        <line num="3" count="2" type="stmt"/>
        <line num="4" count="8" type="stmt"/>
        <line num="6" count="8" type="stmt"/>
        <line num="7" count="4" type="stmt"/>
        <line num="8" count="0" type="stmt"/>
        <line num="11" count="4" type="stmt"/>
        <line num="12" count="0" type="stmt"/>
        <line num="17" count="8" type="stmt"/>
      </file>
    </package>
  </project>
</coverage>
