{"C:\\projects\\React-Project\\src\\components\\Body.js": {"path":"C:\\projects\\React-Project\\src\\components\\Body.js","statementMap":{"0":{"start":{"line":9,"column":13},"end":{"line":79,"column":1}},"1":{"start":{"line":10,"column":51},"end":{"line":10,"column":63}},"2":{"start":{"line":11,"column":54},"end":{"line":11,"column":66}},"3":{"start":{"line":12,"column":38},"end":{"line":12,"column":50}},"4":{"start":{"line":14,"column":33},"end":{"line":14,"column":66}},"5":{"start":{"line":16,"column":23},"end":{"line":16,"column":40}},"6":{"start":{"line":17,"column":40},"end":{"line":17,"column":63}},"7":{"start":{"line":20,"column":2},"end":{"line":23,"column":9}},"8":{"start":{"line":21,"column":4},"end":{"line":21,"column":37}},"9":{"start":{"line":22,"column":4},"end":{"line":22,"column":39}},"10":{"start":{"line":26,"column":2},"end":{"line":28,"column":3}},"11":{"start":{"line":27,"column":4},"end":{"line":27,"column":36}},"12":{"start":{"line":31,"column":2},"end":{"line":33,"column":3}},"13":{"start":{"line":32,"column":4},"end":{"line":32,"column":23}},"14":{"start":{"line":35,"column":2},"end":{"line":78,"column":4}},"15":{"start":{"line":43,"column":27},"end":{"line":43,"column":56}},"16":{"start":{"line":50,"column":29},"end":{"line":52,"column":13}},"17":{"start":{"line":51,"column":14},"end":{"line":51,"column":71}},"18":{"start":{"line":53,"column":12},"end":{"line":53,"column":44}},"19":{"start":{"line":63,"column":32},"end":{"line":65,"column":28}},"20":{"start":{"line":67,"column":10},"end":{"line":74,"column":12}}},"fnMap":{"0":{"name":"(anonymous_0)","decl":{"start":{"line":9,"column":13},"end":{"line":9,"column":14}},"loc":{"start":{"line":9,"column":19},"end":{"line":79,"column":1}},"line":9},"1":{"name":"(anonymous_1)","decl":{"start":{"line":20,"column":12},"end":{"line":20,"column":13}},"loc":{"start":{"line":20,"column":18},"end":{"line":23,"column":3}},"line":20},"2":{"name":"(anonymous_2)","decl":{"start":{"line":43,"column":20},"end":{"line":43,"column":21}},"loc":{"start":{"line":43,"column":27},"end":{"line":43,"column":56}},"line":43},"3":{"name":"(anonymous_3)","decl":{"start":{"line":49,"column":19},"end":{"line":49,"column":20}},"loc":{"start":{"line":49,"column":25},"end":{"line":54,"column":11}},"line":49},"4":{"name":"(anonymous_4)","decl":{"start":{"line":50,"column":54},"end":{"line":50,"column":55}},"loc":{"start":{"line":51,"column":14},"end":{"line":51,"column":71}},"line":51},"5":{"name":"(anonymous_5)","decl":{"start":{"line":62,"column":32},"end":{"line":62,"column":33}},"loc":{"start":{"line":62,"column":48},"end":{"line":75,"column":9}},"line":62}},"branchMap":{"0":{"loc":{"start":{"line":26,"column":2},"end":{"line":28,"column":3}},"type":"if","locations":[{"start":{"line":26,"column":2},"end":{"line":28,"column":3}},{"start":{},"end":{}}],"line":26},"1":{"loc":{"start":{"line":31,"column":2},"end":{"line":33,"column":3}},"type":"if","locations":[{"start":{"line":31,"column":2},"end":{"line":33,"column":3}},{"start":{},"end":{}}],"line":31},"2":{"loc":{"start":{"line":63,"column":32},"end":{"line":65,"column":28}},"type":"cond-expr","locations":[{"start":{"line":64,"column":14},"end":{"line":64,"column":36}},{"start":{"line":65,"column":14},"end":{"line":65,"column":28}}],"line":63}},"s":{"0":1,"1":4,"2":4,"3":4,"4":4,"5":4,"6":4,"7":4,"8":1,"9":1,"10":4,"11":0,"12":4,"13":1,"14":3,"15":1,"16":1,"17":24,"18":1,"19":49,"20":49},"f":{"0":4,"1":1,"2":1,"3":1,"4":24,"5":49},"b":{"0":[0,4],"1":[1,3],"2":[4,45]},"_coverageSchema":"1a1c01bbd47fc00a2c39e90264f33305004495a9","hash":"9e192d5865363c61f5357088cd0c4a1501536cfe"}
,"C:\\projects\\React-Project\\src\\components\\Cart.js": {"path":"C:\\projects\\React-Project\\src\\components\\Cart.js","statementMap":{"0":{"start":{"line":5,"column":13},"end":{"line":56,"column":1}},"1":{"start":{"line":6,"column":20},"end":{"line":6,"column":60}},"2":{"start":{"line":6,"column":43},"end":{"line":6,"column":59}},"3":{"start":{"line":7,"column":19},"end":{"line":7,"column":32}},"4":{"start":{"line":9,"column":2},"end":{"line":55,"column":4}},"5":{"start":{"line":19,"column":29},"end":{"line":19,"column":50}}},"fnMap":{"0":{"name":"(anonymous_0)","decl":{"start":{"line":5,"column":13},"end":{"line":5,"column":14}},"loc":{"start":{"line":5,"column":19},"end":{"line":56,"column":1}},"line":5},"1":{"name":"(anonymous_1)","decl":{"start":{"line":6,"column":32},"end":{"line":6,"column":33}},"loc":{"start":{"line":6,"column":43},"end":{"line":6,"column":59}},"line":6},"2":{"name":"(anonymous_2)","decl":{"start":{"line":19,"column":23},"end":{"line":19,"column":24}},"loc":{"start":{"line":19,"column":29},"end":{"line":19,"column":50}},"line":19}},"branchMap":{"0":{"loc":{"start":{"line":17,"column":11},"end":{"line":24,"column":11}},"type":"binary-expr","locations":[{"start":{"line":17,"column":11},"end":{"line":17,"column":31}},{"start":{"line":18,"column":12},"end":{"line":23,"column":21}}],"line":17},"1":{"loc":{"start":{"line":28,"column":9},"end":{"line":52,"column":9}},"type":"cond-expr","locations":[{"start":{"line":29,"column":10},"end":{"line":36,"column":16}},{"start":{"line":38,"column":10},"end":{"line":51,"column":13}}],"line":28}},"s":{"0":1,"1":1,"2":2,"3":1,"4":1,"5":0},"f":{"0":1,"1":2,"2":0},"b":{"0":[1,0],"1":[1,0]},"_coverageSchema":"1a1c01bbd47fc00a2c39e90264f33305004495a9","hash":"44fcaf1e9e5ba77d151772e652d0826836a4ff94"}
,"C:\\projects\\React-Project\\src\\components\\Contact.js": {"path":"C:\\projects\\React-Project\\src\\components\\Contact.js","statementMap":{"0":{"start":{"line":3,"column":16},"end":{"line":49,"column":1}},"1":{"start":{"line":4,"column":26},"end":{"line":4,"column":38}},"2":{"start":{"line":5,"column":32},"end":{"line":5,"column":44}},"3":{"start":{"line":7,"column":23},"end":{"line":11,"column":3}},"4":{"start":{"line":8,"column":4},"end":{"line":8,"column":23}},"5":{"start":{"line":9,"column":4},"end":{"line":9,"column":31}},"6":{"start":{"line":10,"column":4},"end":{"line":10,"column":37}},"7":{"start":{"line":13,"column":2},"end":{"line":48,"column":4}},"8":{"start":{"line":26,"column":29},"end":{"line":26,"column":52}},"9":{"start":{"line":33,"column":29},"end":{"line":33,"column":55}}},"fnMap":{"0":{"name":"(anonymous_0)","decl":{"start":{"line":3,"column":16},"end":{"line":3,"column":17}},"loc":{"start":{"line":3,"column":22},"end":{"line":49,"column":1}},"line":3},"1":{"name":"(anonymous_1)","decl":{"start":{"line":7,"column":23},"end":{"line":7,"column":24}},"loc":{"start":{"line":7,"column":30},"end":{"line":11,"column":3}},"line":7},"2":{"name":"(anonymous_2)","decl":{"start":{"line":26,"column":22},"end":{"line":26,"column":23}},"loc":{"start":{"line":26,"column":29},"end":{"line":26,"column":52}},"line":26},"3":{"name":"(anonymous_3)","decl":{"start":{"line":33,"column":22},"end":{"line":33,"column":23}},"loc":{"start":{"line":33,"column":29},"end":{"line":33,"column":55}},"line":33}},"branchMap":{},"s":{"0":1,"1":4,"2":4,"3":4,"4":0,"5":0,"6":0,"7":4,"8":0,"9":0},"f":{"0":4,"1":0,"2":0,"3":0},"b":{},"_coverageSchema":"1a1c01bbd47fc00a2c39e90264f33305004495a9","hash":"af695c90b985c318bd399bd2641a3c33aba9a3d6"}
,"C:\\projects\\React-Project\\src\\components\\Header.js": {"path":"C:\\projects\\React-Project\\src\\components\\Header.js","statementMap":{"0":{"start":{"line":8,"column":15},"end":{"line":68,"column":1}},"1":{"start":{"line":9,"column":42},"end":{"line":9,"column":59}},"2":{"start":{"line":10,"column":23},"end":{"line":10,"column":40}},"3":{"start":{"line":11,"column":27},"end":{"line":11,"column":50}},"4":{"start":{"line":12,"column":20},"end":{"line":12,"column":60}},"5":{"start":{"line":12,"column":43},"end":{"line":12,"column":59}},"6":{"start":{"line":14,"column":2},"end":{"line":67,"column":4}},"7":{"start":{"line":55,"column":14},"end":{"line":55,"column":76}}},"fnMap":{"0":{"name":"(anonymous_0)","decl":{"start":{"line":8,"column":15},"end":{"line":8,"column":16}},"loc":{"start":{"line":8,"column":21},"end":{"line":68,"column":1}},"line":8},"1":{"name":"(anonymous_1)","decl":{"start":{"line":12,"column":32},"end":{"line":12,"column":33}},"loc":{"start":{"line":12,"column":43},"end":{"line":12,"column":59}},"line":12},"2":{"name":"(anonymous_2)","decl":{"start":{"line":54,"column":21},"end":{"line":54,"column":22}},"loc":{"start":{"line":55,"column":14},"end":{"line":55,"column":76}},"line":55}},"branchMap":{"0":{"loc":{"start":{"line":30,"column":13},"end":{"line":37,"column":13}},"type":"cond-expr","locations":[{"start":{"line":31,"column":14},"end":{"line":34,"column":21}},{"start":{"line":36,"column":14},"end":{"line":36,"column":83}}],"line":30},"1":{"loc":{"start":{"line":39,"column":15},"end":{"line":39,"column":50}},"type":"cond-expr","locations":[{"start":{"line":39,"column":30},"end":{"line":39,"column":38}},{"start":{"line":39,"column":41},"end":{"line":39,"column":50}}],"line":39},"2":{"loc":{"start":{"line":55,"column":30},"end":{"line":55,"column":75}},"type":"cond-expr","locations":[{"start":{"line":55,"column":57},"end":{"line":55,"column":65}},{"start":{"line":55,"column":68},"end":{"line":55,"column":75}}],"line":55}},"s":{"0":1,"1":4,"2":4,"3":4,"4":4,"5":7,"6":4,"7":1},"f":{"0":4,"1":7,"2":1},"b":{"0":[4,0],"1":[4,0],"2":[1,0]},"_coverageSchema":"1a1c01bbd47fc00a2c39e90264f33305004495a9","hash":"d27eec5881a93b3e7841388cc1fd347507e5231d"}
,"C:\\projects\\React-Project\\src\\components\\ItemList.js": {"path":"C:\\projects\\React-Project\\src\\components\\ItemList.js","statementMap":{"0":{"start":{"line":5,"column":17},"end":{"line":98,"column":1}},"1":{"start":{"line":6,"column":19},"end":{"line":6,"column":32}},"2":{"start":{"line":8,"column":24},"end":{"line":26,"column":3}},"3":{"start":{"line":9,"column":17},"end":{"line":9,"column":40}},"4":{"start":{"line":11,"column":4},"end":{"line":25,"column":6}},"5":{"start":{"line":28,"column":2},"end":{"line":97,"column":4}},"6":{"start":{"line":31,"column":21},"end":{"line":31,"column":44}},"7":{"start":{"line":33,"column":10},"end":{"line":33,"column":71}},"8":{"start":{"line":35,"column":8},"end":{"line":94,"column":10}},"9":{"start":{"line":75,"column":31},"end":{"line":75,"column":50}}},"fnMap":{"0":{"name":"(anonymous_0)","decl":{"start":{"line":5,"column":17},"end":{"line":5,"column":18}},"loc":{"start":{"line":5,"column":37},"end":{"line":98,"column":1}},"line":5},"1":{"name":"(anonymous_1)","decl":{"start":{"line":8,"column":24},"end":{"line":8,"column":25}},"loc":{"start":{"line":8,"column":34},"end":{"line":26,"column":3}},"line":8},"2":{"name":"(anonymous_2)","decl":{"start":{"line":30,"column":17},"end":{"line":30,"column":18}},"loc":{"start":{"line":30,"column":34},"end":{"line":95,"column":7}},"line":30},"3":{"name":"(anonymous_3)","decl":{"start":{"line":75,"column":25},"end":{"line":75,"column":26}},"loc":{"start":{"line":75,"column":31},"end":{"line":75,"column":50}},"line":75}},"branchMap":{"0":{"loc":{"start":{"line":5,"column":20},"end":{"line":5,"column":30}},"type":"default-arg","locations":[{"start":{"line":5,"column":28},"end":{"line":5,"column":30}}],"line":5},"1":{"loc":{"start":{"line":9,"column":17},"end":{"line":9,"column":40}},"type":"binary-expr","locations":[{"start":{"line":9,"column":17},"end":{"line":9,"column":32}},{"start":{"line":9,"column":36},"end":{"line":9,"column":40}}],"line":9},"2":{"loc":{"start":{"line":16,"column":10},"end":{"line":20,"column":15}},"type":"cond-expr","locations":[{"start":{"line":17,"column":14},"end":{"line":17,"column":30}},{"start":{"line":18,"column":14},"end":{"line":20,"column":15}}],"line":16},"3":{"loc":{"start":{"line":18,"column":14},"end":{"line":20,"column":15}},"type":"cond-expr","locations":[{"start":{"line":19,"column":14},"end":{"line":19,"column":37}},{"start":{"line":20,"column":14},"end":{"line":20,"column":15}}],"line":18},"4":{"loc":{"start":{"line":31,"column":21},"end":{"line":31,"column":44}},"type":"binary-expr","locations":[{"start":{"line":31,"column":21},"end":{"line":31,"column":36}},{"start":{"line":31,"column":40},"end":{"line":31,"column":44}}],"line":31},"5":{"loc":{"start":{"line":33,"column":10},"end":{"line":33,"column":71}},"type":"cond-expr","locations":[{"start":{"line":33,"column":43},"end":{"line":33,"column":53}},{"start":{"line":33,"column":56},"end":{"line":33,"column":71}}],"line":33},"6":{"loc":{"start":{"line":33,"column":56},"end":{"line":33,"column":71}},"type":"binary-expr","locations":[{"start":{"line":33,"column":56},"end":{"line":33,"column":66}},{"start":{"line":33,"column":70},"end":{"line":33,"column":71}}],"line":33},"7":{"loc":{"start":{"line":37,"column":17},"end":{"line":37,"column":51}},"type":"binary-expr","locations":[{"start":{"line":37,"column":17},"end":{"line":37,"column":24}},{"start":{"line":37,"column":28},"end":{"line":37,"column":51}}],"line":37},"8":{"loc":{"start":{"line":47,"column":15},"end":{"line":52,"column":15}},"type":"binary-expr","locations":[{"start":{"line":47,"column":15},"end":{"line":47,"column":29}},{"start":{"line":48,"column":16},"end":{"line":51,"column":23}}],"line":47},"9":{"loc":{"start":{"line":58,"column":15},"end":{"line":60,"column":15}},"type":"binary-expr","locations":[{"start":{"line":58,"column":15},"end":{"line":58,"column":31}},{"start":{"line":59,"column":16},"end":{"line":59,"column":80}}],"line":58},"10":{"loc":{"start":{"line":65,"column":15},"end":{"line":71,"column":15}},"type":"binary-expr","locations":[{"start":{"line":65,"column":15},"end":{"line":65,"column":25}},{"start":{"line":66,"column":16},"end":{"line":70,"column":18}}],"line":65}},"s":{"0":1,"1":0,"2":0,"3":0,"4":0,"5":0,"6":0,"7":0,"8":0,"9":0},"f":{"0":0,"1":0,"2":0,"3":0},"b":{"0":[0],"1":[0,0],"2":[0,0],"3":[0,0],"4":[0,0],"5":[0,0],"6":[0,0],"7":[0,0],"8":[0,0],"9":[0,0],"10":[0,0]},"_coverageSchema":"1a1c01bbd47fc00a2c39e90264f33305004495a9","hash":"612ca253b3bf596e5a9974d3b302c4458ce62155"}
,"C:\\projects\\React-Project\\src\\components\\RestaurantCard.js": {"path":"C:\\projects\\React-Project\\src\\components\\RestaurantCard.js","statementMap":{"0":{"start":{"line":4,"column":23},"end":{"line":79,"column":1}},"1":{"start":{"line":5,"column":2},"end":{"line":5,"column":26}},"2":{"start":{"line":16,"column":6},"end":{"line":16,"column":13}},"3":{"start":{"line":18,"column":20},"end":{"line":18,"column":69}},"4":{"start":{"line":20,"column":2},"end":{"line":78,"column":4}},"5":{"start":{"line":82,"column":33},"end":{"line":91,"column":1}},"6":{"start":{"line":83,"column":2},"end":{"line":90,"column":4}},"7":{"start":{"line":84,"column":4},"end":{"line":89,"column":10}}},"fnMap":{"0":{"name":"(anonymous_0)","decl":{"start":{"line":4,"column":23},"end":{"line":4,"column":24}},"loc":{"start":{"line":4,"column":40},"end":{"line":79,"column":1}},"line":4},"1":{"name":"(anonymous_1)","decl":{"start":{"line":82,"column":33},"end":{"line":82,"column":34}},"loc":{"start":{"line":82,"column":60},"end":{"line":91,"column":1}},"line":82},"2":{"name":"(anonymous_2)","decl":{"start":{"line":83,"column":9},"end":{"line":83,"column":10}},"loc":{"start":{"line":84,"column":4},"end":{"line":89,"column":10}},"line":84}},"branchMap":{"0":{"loc":{"start":{"line":18,"column":20},"end":{"line":18,"column":69}},"type":"binary-expr","locations":[{"start":{"line":18,"column":20},"end":{"line":18,"column":25}},{"start":{"line":18,"column":29},"end":{"line":18,"column":61}},{"start":{"line":18,"column":65},"end":{"line":18,"column":69}}],"line":18},"1":{"loc":{"start":{"line":37,"column":9},"end":{"line":41,"column":9}},"type":"binary-expr","locations":[{"start":{"line":37,"column":9},"end":{"line":37,"column":18}},{"start":{"line":38,"column":10},"end":{"line":40,"column":17}}],"line":37},"2":{"loc":{"start":{"line":47,"column":11},"end":{"line":47,"column":31}},"type":"binary-expr","locations":[{"start":{"line":47,"column":11},"end":{"line":47,"column":15}},{"start":{"line":47,"column":19},"end":{"line":47,"column":31}}],"line":47},"3":{"loc":{"start":{"line":62,"column":13},"end":{"line":62,"column":31}},"type":"binary-expr","locations":[{"start":{"line":62,"column":13},"end":{"line":62,"column":22}},{"start":{"line":62,"column":26},"end":{"line":62,"column":31}}],"line":62},"4":{"loc":{"start":{"line":64,"column":19},"end":{"line":64,"column":40}},"type":"binary-expr","locations":[{"start":{"line":64,"column":19},"end":{"line":64,"column":31}},{"start":{"line":64,"column":35},"end":{"line":64,"column":40}}],"line":64},"5":{"loc":{"start":{"line":68,"column":11},"end":{"line":68,"column":77}},"type":"cond-expr","locations":[{"start":{"line":68,"column":37},"end":{"line":68,"column":56}},{"start":{"line":68,"column":59},"end":{"line":68,"column":77}}],"line":68},"6":{"loc":{"start":{"line":71,"column":9},"end":{"line":75,"column":9}},"type":"binary-expr","locations":[{"start":{"line":71,"column":9},"end":{"line":71,"column":17}},{"start":{"line":72,"column":10},"end":{"line":74,"column":14}}],"line":71}},"s":{"0":2,"1":50,"2":50,"3":50,"4":50,"5":2,"6":4,"7":4},"f":{"0":50,"1":4,"2":4},"b":{"0":[50,0,0],"1":[50,50],"2":[50,0],"3":[50,0],"4":[50,0],"5":[50,0],"6":[50,50]},"_coverageSchema":"1a1c01bbd47fc00a2c39e90264f33305004495a9","hash":"50d302e91c3e0d0f361a667b1581e21617183062"}
,"C:\\projects\\React-Project\\src\\components\\Shimmer.js": {"path":"C:\\projects\\React-Project\\src\\components\\Shimmer.js","statementMap":{"0":{"start":{"line":1,"column":16},"end":{"line":26,"column":1}},"1":{"start":{"line":2,"column":2},"end":{"line":25,"column":4}},"2":{"start":{"line":8,"column":12},"end":{"line":21,"column":18}}},"fnMap":{"0":{"name":"(anonymous_0)","decl":{"start":{"line":1,"column":16},"end":{"line":1,"column":17}},"loc":{"start":{"line":1,"column":22},"end":{"line":26,"column":1}},"line":1},"1":{"name":"(anonymous_1)","decl":{"start":{"line":7,"column":15},"end":{"line":7,"column":16}},"loc":{"start":{"line":8,"column":12},"end":{"line":21,"column":18}},"line":8}},"branchMap":{},"s":{"0":1,"1":1,"2":24},"f":{"0":1,"1":24},"b":{},"_coverageSchema":"1a1c01bbd47fc00a2c39e90264f33305004495a9","hash":"152bda126f2bcea316994e69edc8144f9a0f43fe"}
,"C:\\projects\\React-Project\\src\\components\\sum.js": {"path":"C:\\projects\\React-Project\\src\\components\\sum.js","statementMap":{"0":{"start":{"line":1,"column":19},"end":{"line":3,"column":1}},"1":{"start":{"line":2,"column":2},"end":{"line":2,"column":15}}},"fnMap":{"0":{"name":"(anonymous_0)","decl":{"start":{"line":1,"column":19},"end":{"line":1,"column":20}},"loc":{"start":{"line":1,"column":29},"end":{"line":3,"column":1}},"line":1}},"branchMap":{},"s":{"0":1,"1":1},"f":{"0":1},"b":{},"_coverageSchema":"1a1c01bbd47fc00a2c39e90264f33305004495a9","hash":"b5f799f9ce542d9c24a9ae8ad0364ba6553aa4d0"}
,"C:\\projects\\React-Project\\src\\utils\\Api.js": {"path":"C:\\projects\\React-Project\\src\\utils\\Api.js","statementMap":{"0":{"start":{"line":2,"column":20},"end":{"line":815,"column":1}}},"fnMap":{},"branchMap":{},"s":{"0":1},"f":{},"b":{},"_coverageSchema":"1a1c01bbd47fc00a2c39e90264f33305004495a9","hash":"9ac38ffb556ece360b63fd5c1f35c0065353e36d"}
,"C:\\projects\\React-Project\\src\\utils\\UserContext.js": {"path":"C:\\projects\\React-Project\\src\\utils\\UserContext.js","statementMap":{"0":{"start":{"line":3,"column":20},"end":{"line":5,"column":2}}},"fnMap":{},"branchMap":{},"s":{"0":3},"f":{},"b":{},"_coverageSchema":"1a1c01bbd47fc00a2c39e90264f33305004495a9","hash":"b0c67b2a9dfbb9188a1647ab86703c01b6aee4ae"}
,"C:\\projects\\React-Project\\src\\utils\\appStore.js": {"path":"C:\\projects\\React-Project\\src\\utils\\appStore.js","statementMap":{"0":{"start":{"line":4,"column":17},"end":{"line":8,"column":2}}},"fnMap":{},"branchMap":{},"s":{"0":2},"f":{},"b":{},"_coverageSchema":"1a1c01bbd47fc00a2c39e90264f33305004495a9","hash":"543bb354fc97258e094ccc6f9ecd056559401e85"}
,"C:\\projects\\React-Project\\src\\utils\\cartSlice.js": {"path":"C:\\projects\\React-Project\\src\\utils\\cartSlice.js","statementMap":{"0":{"start":{"line":3,"column":18},"end":{"line":24,"column":2}},"1":{"start":{"line":11,"column":6},"end":{"line":11,"column":39}},"2":{"start":{"line":14,"column":6},"end":{"line":14,"column":24}},"3":{"start":{"line":21,"column":6},"end":{"line":21,"column":27}},"4":{"start":{"line":26,"column":50},"end":{"line":26,"column":67}}},"fnMap":{"0":{"name":"(anonymous_0)","decl":{"start":{"line":9,"column":13},"end":{"line":9,"column":14}},"loc":{"start":{"line":9,"column":32},"end":{"line":12,"column":5}},"line":9},"1":{"name":"(anonymous_1)","decl":{"start":{"line":13,"column":16},"end":{"line":13,"column":17}},"loc":{"start":{"line":13,"column":35},"end":{"line":15,"column":5}},"line":13},"2":{"name":"(anonymous_2)","decl":{"start":{"line":17,"column":15},"end":{"line":17,"column":16}},"loc":{"start":{"line":17,"column":34},"end":{"line":22,"column":5}},"line":17}},"branchMap":{},"s":{"0":2,"1":0,"2":0,"3":0,"4":2},"f":{"0":0,"1":0,"2":0},"b":{},"_coverageSchema":"1a1c01bbd47fc00a2c39e90264f33305004495a9","hash":"12e9cf9c705c7d0e4941295699f8cf8542f04c1e"}
,"C:\\projects\\React-Project\\src\\utils\\constants.js": {"path":"C:\\projects\\React-Project\\src\\utils\\constants.js","statementMap":{"0":{"start":{"line":2,"column":2},"end":{"line":2,"column":93}},"1":{"start":{"line":5,"column":2},"end":{"line":5,"column":74}}},"fnMap":{},"branchMap":{},"s":{"0":2,"1":2},"f":{},"b":{},"_coverageSchema":"1a1c01bbd47fc00a2c39e90264f33305004495a9","hash":"4268aae6412e0d986e7536cf8dc53a54817c5d7a"}
,"C:\\projects\\React-Project\\src\\utils\\useOnlineStatus.js": {"path":"C:\\projects\\React-Project\\src\\utils\\useOnlineStatus.js","statementMap":{"0":{"start":{"line":3,"column":24},"end":{"line":18,"column":1}},"1":{"start":{"line":4,"column":42},"end":{"line":4,"column":56}},"2":{"start":{"line":6,"column":2},"end":{"line":14,"column":9}},"3":{"start":{"line":7,"column":4},"end":{"line":9,"column":7}},"4":{"start":{"line":8,"column":6},"end":{"line":8,"column":29}},"5":{"start":{"line":11,"column":4},"end":{"line":13,"column":7}},"6":{"start":{"line":12,"column":6},"end":{"line":12,"column":28}},"7":{"start":{"line":17,"column":2},"end":{"line":17,"column":22}}},"fnMap":{"0":{"name":"(anonymous_0)","decl":{"start":{"line":3,"column":24},"end":{"line":3,"column":25}},"loc":{"start":{"line":3,"column":30},"end":{"line":18,"column":1}},"line":3},"1":{"name":"(anonymous_1)","decl":{"start":{"line":6,"column":12},"end":{"line":6,"column":13}},"loc":{"start":{"line":6,"column":18},"end":{"line":14,"column":3}},"line":6},"2":{"name":"(anonymous_2)","decl":{"start":{"line":7,"column":39},"end":{"line":7,"column":40}},"loc":{"start":{"line":7,"column":45},"end":{"line":9,"column":5}},"line":7},"3":{"name":"(anonymous_3)","decl":{"start":{"line":11,"column":38},"end":{"line":11,"column":39}},"loc":{"start":{"line":11,"column":44},"end":{"line":13,"column":5}},"line":11}},"branchMap":{},"s":{"0":2,"1":8,"2":8,"3":4,"4":0,"5":4,"6":0,"7":8},"f":{"0":8,"1":4,"2":0,"3":0},"b":{},"_coverageSchema":"1a1c01bbd47fc00a2c39e90264f33305004495a9","hash":"fc50c6bbb639eb6b843673d22e31754fd4d09287"}
}
