TN:
SF:src\components\Body.js
FN:9,(anonymous_0)
FN:19,(anonymous_1)
FN:38,(anonymous_2)
FN:45,(anonymous_3)
FN:46,(anonymous_4)
FN:59,(anonymous_5)
FN:61,(anonymous_6)
FN:78,(anonymous_7)
FN:85,(anonymous_8)
FNF:9
FNH:6
FNDA:4,(anonymous_0)
FNDA:1,(anonymous_1)
FNDA:1,(anonymous_2)
FNDA:1,(anonymous_3)
FNDA:24,(anonymous_4)
FNDA:0,(anonymous_5)
FNDA:0,(anonymous_6)
FNDA:0,(anonymous_7)
FNDA:49,(anonymous_8)
DA:9,1
DA:10,4
DA:11,4
DA:12,4
DA:14,4
DA:16,4
DA:17,4
DA:19,4
DA:20,1
DA:21,1
DA:24,4
DA:25,4
DA:27,3
DA:38,1
DA:46,1
DA:47,24
DA:49,1
DA:60,0
DA:61,0
DA:63,0
DA:78,0
DA:86,49
DA:90,49
LF:23
LH:19
BRDA:24,0,0,0
BRDA:24,0,1,4
BRDA:25,1,0,1
BRDA:25,1,1,3
BRDA:86,2,0,4
BRDA:86,2,1,45
BRF:6
BRH:5
end_of_record
TN:
SF:src\components\Cart.js
FN:5,(anonymous_0)
FN:6,(anonymous_1)
FN:19,(anonymous_2)
FNF:3
FNH:2
FNDA:1,(anonymous_0)
FNDA:2,(anonymous_1)
FNDA:0,(anonymous_2)
DA:5,1
DA:6,2
DA:7,1
DA:9,1
DA:19,0
LF:5
LH:4
BRDA:17,0,0,1
BRDA:17,0,1,0
BRDA:28,1,0,1
BRDA:28,1,1,0
BRF:4
BRH:2
end_of_record
TN:
SF:src\components\Contact.js
FN:3,(anonymous_0)
FN:7,(anonymous_1)
FN:26,(anonymous_2)
FN:33,(anonymous_3)
FNF:4
FNH:1
FNDA:4,(anonymous_0)
FNDA:0,(anonymous_1)
FNDA:0,(anonymous_2)
FNDA:0,(anonymous_3)
DA:3,1
DA:4,4
DA:5,4
DA:7,4
DA:8,0
DA:9,0
DA:10,0
DA:13,4
DA:26,0
DA:33,0
LF:10
LH:5
BRF:0
BRH:0
end_of_record
TN:
SF:src\components\Grocery.js
FN:5,(anonymous_0)
FN:10,(anonymous_1)
FN:14,(anonymous_2)
FN:16,(anonymous_3)
FN:18,(anonymous_4)
FN:24,(anonymous_5)
FN:30,(anonymous_6)
FN:45,(anonymous_7)
FN:52,(anonymous_8)
FN:60,(anonymous_9)
FN:70,(anonymous_10)
FNF:11
FNH:5
FNDA:2,(anonymous_0)
FNDA:1,(anonymous_1)
FNDA:14,(anonymous_2)
FNDA:0,(anonymous_3)
FNDA:0,(anonymous_4)
FNDA:0,(anonymous_5)
FNDA:0,(anonymous_6)
FNDA:0,(anonymous_7)
FNDA:6,(anonymous_8)
FNDA:0,(anonymous_9)
FNDA:7,(anonymous_10)
DA:5,1
DA:6,2
DA:7,2
DA:8,2
DA:10,2
DA:11,1
DA:14,14
DA:16,2
DA:17,0
DA:18,0
DA:19,0
DA:21,0
DA:24,2
DA:25,0
DA:26,0
DA:27,0
DA:29,0
DA:30,0
DA:31,0
DA:35,2
DA:45,0
DA:53,6
DA:60,0
DA:71,7
LF:24
LH:12
BRDA:25,0,0,0
BRDA:25,0,1,0
BRDA:56,1,0,0
BRDA:56,1,1,6
BRF:4
BRH:1
end_of_record
TN:
SF:src\components\Header.js
FN:8,(anonymous_0)
FN:12,(anonymous_1)
FN:54,(anonymous_2)
FNF:3
FNH:3
FNDA:4,(anonymous_0)
FNDA:7,(anonymous_1)
FNDA:1,(anonymous_2)
DA:8,1
DA:9,4
DA:10,4
DA:11,4
DA:12,7
DA:14,4
DA:55,1
LF:7
LH:7
BRDA:30,0,0,4
BRDA:30,0,1,0
BRDA:39,1,0,4
BRDA:39,1,1,0
BRDA:55,2,0,1
BRDA:55,2,1,0
BRF:6
BRH:3
end_of_record
TN:
SF:src\components\ItemList.js
FN:4,(anonymous_0)
FN:7,(anonymous_1)
FN:29,(anonymous_2)
FN:72,(anonymous_3)
FNF:4
FNH:0
FNDA:0,(anonymous_0)
FNDA:0,(anonymous_1)
FNDA:0,(anonymous_2)
FNDA:0,(anonymous_3)
DA:4,1
DA:5,0
DA:7,0
DA:8,0
DA:10,0
DA:27,0
DA:30,0
DA:32,0
DA:35,0
DA:37,0
DA:72,0
LF:11
LH:1
BRDA:4,0,0,0
BRDA:8,1,0,0
BRDA:8,1,1,0
BRDA:15,2,0,0
BRDA:15,2,1,0
BRDA:17,3,0,0
BRDA:17,3,1,0
BRDA:22,4,0,0
BRDA:22,4,1,0
BRDA:30,5,0,0
BRDA:30,5,1,0
BRDA:32,6,0,0
BRDA:32,6,1,0
BRDA:32,7,0,0
BRDA:32,7,1,0
BRDA:35,8,0,0
BRDA:35,8,1,0
BRDA:47,9,0,0
BRDA:47,9,1,0
BRDA:56,10,0,0
BRDA:56,10,1,0
BRDA:63,11,0,0
BRDA:63,11,1,0
BRF:23
BRH:0
end_of_record
TN:
SF:src\components\RestaurantCard.js
FN:4,(anonymous_0)
FN:82,(anonymous_1)
FN:83,(anonymous_2)
FNF:3
FNH:3
FNDA:50,(anonymous_0)
FNDA:4,(anonymous_1)
FNDA:4,(anonymous_2)
DA:4,2
DA:5,50
DA:16,50
DA:18,50
DA:20,50
DA:82,2
DA:83,4
DA:84,4
LF:8
LH:8
BRDA:18,0,0,50
BRDA:18,0,1,0
BRDA:18,0,2,0
BRDA:37,1,0,50
BRDA:37,1,1,50
BRDA:47,2,0,50
BRDA:47,2,1,0
BRDA:62,3,0,50
BRDA:62,3,1,0
BRDA:64,4,0,50
BRDA:64,4,1,0
BRDA:68,5,0,50
BRDA:68,5,1,0
BRDA:71,6,0,50
BRDA:71,6,1,50
BRF:15
BRH:9
end_of_record
TN:
SF:src\components\Shimmer.js
FN:1,(anonymous_0)
FN:7,(anonymous_1)
FNF:2
FNH:2
FNDA:1,(anonymous_0)
FNDA:24,(anonymous_1)
DA:1,1
DA:2,1
DA:8,24
LF:3
LH:3
BRF:0
BRH:0
end_of_record
TN:
SF:src\components\sum.js
FN:1,(anonymous_0)
FNF:1
FNH:1
FNDA:1,(anonymous_0)
DA:1,1
DA:2,1
LF:2
LH:2
BRF:0
BRH:0
end_of_record
TN:
SF:src\utils\Api.js
FNF:0
FNH:0
DA:2,1
LF:1
LH:1
BRF:0
BRH:0
end_of_record
TN:
SF:src\utils\GroceryCard.js
FN:4,(anonymous_0)
FN:7,(anonymous_1)
FNF:2
FNH:1
FNDA:7,(anonymous_0)
FNDA:0,(anonymous_1)
DA:4,1
DA:5,7
DA:7,7
DA:8,0
DA:11,7
LF:5
LH:4
BRF:0
BRH:0
end_of_record
TN:
SF:src\utils\UserContext.js
FNF:0
FNH:0
DA:3,3
LF:1
LH:1
BRF:0
BRH:0
end_of_record
TN:
SF:src\utils\appStore.js
FNF:0
FNH:0
DA:4,3
LF:1
LH:1
BRF:0
BRH:0
end_of_record
TN:
SF:src\utils\cartSlice.js
FN:9,(anonymous_0)
FN:13,(anonymous_1)
FN:17,(anonymous_2)
FNF:3
FNH:0
FNDA:0,(anonymous_0)
FNDA:0,(anonymous_1)
FNDA:0,(anonymous_2)
DA:3,3
DA:11,0
DA:14,0
DA:21,0
DA:26,3
LF:5
LH:2
BRF:0
BRH:0
end_of_record
TN:
SF:src\utils\constants.js
FNF:0
FNH:0
DA:2,1
DA:5,1
LF:2
LH:2
BRF:0
BRH:0
end_of_record
TN:
SF:src\utils\groceryData.js
FNF:0
FNH:0
DA:1,1
LF:1
LH:1
BRF:0
BRH:0
end_of_record
TN:
SF:src\utils\useOnlineStatus.js
FN:3,(anonymous_0)
FN:6,(anonymous_1)
FN:7,(anonymous_2)
FN:11,(anonymous_3)
FNF:4
FNH:2
FNDA:8,(anonymous_0)
FNDA:4,(anonymous_1)
FNDA:0,(anonymous_2)
FNDA:0,(anonymous_3)
DA:3,2
DA:4,8
DA:6,8
DA:7,4
DA:8,0
DA:11,4
DA:12,0
DA:17,8
LF:8
LH:6
BRF:0
BRH:0
end_of_record
